<?xml version="1.0" encoding="UTF-8"?>
<!-- Generated by org.testng.reporters.JUnitXMLReporter -->
<testsuite ignored="0" hostname="LAPTOP-JEC6V1DV" failures="0" tests="10" name="Free CRM App test cases" time="123.614" errors="0" timestamp="26 Jun 2021 23:08:50 GMT">
  <testcase classname="com.crm.qa.testcases.LoginPageTest" name="loginPageTitleTest" time="0.082"/>
  <testcase classname="com.crm.qa.testcases.HomePageTest" name="verifyHomePageTitle" time="0.014"/>
  <testcase classname="com.crm.qa.testcases.ContactPageTest" name="verifyContactPageTest" time="0.097"/>
  <testcase classname="com.crm.qa.testcases.LoginPageTest" name="loginPageLogoTest" time="0.128"/>
  <testcase classname="com.crm.qa.testcases.HomePageTest" name="verifyUserName" time="0.129"/>
  <testcase classname="com.crm.qa.testcases.ContactPageTest" name="fillContactsPage" time="4.193"/>
  <testcase classname="com.crm.qa.testcases.ContactPageTest" name="fillContactsPage" time="4.29"/>
  <testcase classname="com.crm.qa.testcases.ContactPageTest" name="fillContactsPage" time="3.193"/>
  <testcase classname="com.crm.qa.testcases.LoginPageTest" name="loginTest" time="3.784"/>
  <testcase classname="com.crm.qa.testcases.HomePageTest" name="verifyContactLink" time="0.888"/>
</testsuite> <!-- Free CRM App test cases -->
