<?xml version="1.0" encoding="UTF-8"?>
<testng-results ignored="0" total="1" passed="1" failed="0" skipped="0">
  <reporter-output>
  </reporter-output>
  <suite started-at="2021-06-27T00:44:10Z" name="Default suite" finished-at="2021-06-27T00:44:17Z" duration-ms="6494">
    <groups>
    </groups>
    <test started-at="2021-06-27T00:44:10Z" name="Default test" finished-at="2021-06-27T00:44:17Z" duration-ms="6494">
      <class name="com.crm.qa.testcases.LoginPageTest">
        <test-method is-config="true" signature="setup()[pri:0, instance:com.crm.qa.testcases.LoginPageTest@46d59067]" started-at="2021-06-26T20:44:10Z" name="setup" finished-at="2021-06-26T20:44:16Z" duration-ms="5909" status="PASS">
          <reporter-output>
          </reporter-output>
        </test-method> <!-- setup -->
        <test-method signature="loginPageTitleTest()[pri:1, instance:com.crm.qa.testcases.LoginPageTest@46d59067]" started-at="2021-06-26T20:44:16Z" name="loginPageTitleTest" finished-at="2021-06-26T20:44:16Z" duration-ms="20" status="PASS">
          <reporter-output>
          </reporter-output>
        </test-method> <!-- loginPageTitleTest -->
        <test-method is-config="true" signature="teardown()[pri:0, instance:com.crm.qa.testcases.LoginPageTest@46d59067]" started-at="2021-06-26T20:44:16Z" name="teardown" finished-at="2021-06-26T20:44:17Z" duration-ms="543" status="PASS">
          <reporter-output>
          </reporter-output>
        </test-method> <!-- teardown -->
      </class> <!-- com.crm.qa.testcases.LoginPageTest -->
    </test> <!-- Default test -->
  </suite> <!-- Default suite -->
</testng-results>
